Arguments: 
  C:\Program Files\nodejs\node.exe C:\Users\LubosCs\AppData\Roaming\npm\node_modules\yarn\bin\yarn.js add @material-ui/core

PATH: 
  C:\Program Files\Common Files\Oracle\Java\javapath;C:\Program Files (x86)\Common Files\Oracle\Java\javapath;C:\WINDOWS\system32;C:\WINDOWS;C:\WINDOWS\System32\Wbem;C:\WINDOWS\System32\WindowsPowerShell\v1.0\;C:\WINDOWS\System32\OpenSSH\;C:\Program Files\nodejs\;C:\Program Files (x86)\Bitvise SSH Client;C:\Program Files\dotnet\;C:\Program Files\Git\cmd;C:\Users\LubosCs\.windows-build-tools\python27\;C:\Windows\system32;C:\Windows;C:\Windows\System32\Wbem;C:\Windows\System32\WindowsPowerShell\v1.0\;C:\Windows\System32\OpenSSH\;C:\Program Files\Git\cmd;C:\Users\LubosCs\AppData\Local\Microsoft\WindowsApps;C:\Program Files\7-Zip;C:\Users\LubosCs\AppData\Roaming\npm;C:\Users\LubosCs\AppData\Local\Programs\Microsoft VS Code\bin;C:\Program Files (x86)\FAHClient;C:\Users\LubosCs\AppData\Local\Microsoft\WindowsApps;C:\Program Files\JetBrains\WebStorm 2020.1.1\bin;C:\Program Files\Java\jdk-15.0.2\bin;

Yarn version: 
  1.22.10

Node version: 
  12.18.0

Platform: 
  win32 x64

Trace: 
  SyntaxError: C:\Users\LubosCs\Documents\CleverlanceExercise\package.json: Unexpected token } in JSON at position 472
      at JSON.parse (<anonymous>)
      at C:\Users\LubosCs\AppData\Roaming\npm\node_modules\yarn\lib\cli.js:1625:59
      at Generator.next (<anonymous>)
      at step (C:\Users\LubosCs\AppData\Roaming\npm\node_modules\yarn\lib\cli.js:310:30)
      at C:\Users\LubosCs\AppData\Roaming\npm\node_modules\yarn\lib\cli.js:321:13

npm manifest: 
  {
    "name": "cleverlanceExercise-single",
    "version": "0.1.0",
    "license": "MIT",
    "main": "lib-commonjs/index.js",
    "module": "lib/index.js",
    "scripts": {
      "build": "just-scripts build",
      "just": "just-scripts",
      "start": "just-scripts start",
      "test": "just-scripts test",
      "change": "npx beachball change",
      "gen": "npx plop"
    },
    "dependencies": {
      "office-ui-fabric-react": "^7.0.0",
      "react": "^16.8.6",
      "react-dom": "^16.8.6",
    },
    "devDependencies": {
      "just-stack-react": "^1.0.0",
      "just-scripts": "^0.27.0"
    }
  }

yarn manifest: 
  No manifest

Lockfile: 
  No lockfile
